INFO:django.utils.autoreload:C:\253503_MINICH_17\igi\LR5\hello_django\djangoenv\start\hello\views.py changed, reloading.
INFO:django.utils.autoreload:C:\253503_MINICH_17\igi\LR5\hello_django\djangoenv\start\hello\views.py changed, reloading.
INFO:django.utils.autoreload:C:\253503_MINICH_17\igi\LR5\hello_django\djangoenv\start\hello\views.py changed, reloading.
INFO:django.utils.autoreload:C:\253503_MINICH_17\igi\LR5\hello_django\djangoenv\start\hello\views.py changed, reloading.
2024-05-25 00:17:26,042 INFO C:\253503_MINICH_17\igi\LR5\hello_django\djangoenv\start\hello\views.py changed, reloading.
2024-05-25 00:17:26,374 INFO C:\253503_MINICH_17\igi\LR5\hello_django\djangoenv\start\hello\views.py changed, reloading.
2024-05-25 00:20:05,145 INFO C:\253503_MINICH_17\igi\LR5\hello_django\djangoenv\start\hello\views.py changed, reloading.
2024-05-25 00:20:05,594 INFO C:\253503_MINICH_17\igi\LR5\hello_django\djangoenv\start\hello\views.py changed, reloading.
2024-05-25 00:20:22,821 INFO C:\253503_MINICH_17\igi\LR5\hello_django\djangoenv\start\hello\views.py changed, reloading.
2024-05-25 00:20:23,274 INFO C:\253503_MINICH_17\igi\LR5\hello_django\djangoenv\start\hello\views.py changed, reloading.
2024-05-25 00:23:12,116 INFO C:\253503_MINICH_17\igi\LR5\hello_django\djangoenv\start\hello\views.py changed, reloading.
2024-05-25 00:23:12,569 INFO C:\253503_MINICH_17\igi\LR5\hello_django\djangoenv\start\hello\views.py changed, reloading.
2024-05-25 00:23:39,068 INFO C:\253503_MINICH_17\igi\LR5\hello_django\djangoenv\start\hello\views.py changed, reloading.
2024-05-25 00:23:39,451 INFO C:\253503_MINICH_17\igi\LR5\hello_django\djangoenv\start\hello\views.py changed, reloading.
2024-05-25 00:23:57,179 INFO C:\253503_MINICH_17\igi\LR5\hello_django\djangoenv\start\hello\views.py changed, reloading.
2024-05-25 00:23:57,811 INFO C:\253503_MINICH_17\igi\LR5\hello_django\djangoenv\start\hello\views.py changed, reloading.
2024-05-25 00:24:04,676 INFO C:\253503_MINICH_17\igi\LR5\hello_django\djangoenv\start\hello\views.py changed, reloading.
2024-05-25 00:24:05,266 INFO C:\253503_MINICH_17\igi\LR5\hello_django\djangoenv\start\hello\views.py changed, reloading.
2024-05-25 00:24:20,336 WARNING Master not found.
2024-05-25 00:24:20,337 WARNING Not Found: /login/
2024-05-25 00:24:26,893 WARNING Master not found.
2024-05-25 00:24:26,893 WARNING Not Found: /login/
2024-05-25 00:24:31,469 WARNING Client not found.
2024-05-25 00:24:31,470 WARNING Not Found: /login/
2024-05-25 00:24:43,781 INFO Client Sveta added.
2024-05-25 00:25:01,466 INFO C:\253503_MINICH_17\igi\LR5\hello_django\djangoenv\start\hello\views.py changed, reloading.
2024-05-25 00:25:02,293 INFO C:\253503_MINICH_17\igi\LR5\hello_django\djangoenv\start\hello\views.py changed, reloading.
2024-05-25 00:25:18,938 INFO C:\253503_MINICH_17\igi\LR5\hello_django\djangoenv\start\hello\views.py changed, reloading.
2024-05-25 00:25:19,120 INFO C:\253503_MINICH_17\igi\LR5\hello_django\djangoenv\start\hello\views.py changed, reloading.
2024-05-25 00:25:32,561 INFO C:\253503_MINICH_17\igi\LR5\hello_django\djangoenv\start\hello\views.py changed, reloading.
2024-05-25 00:25:32,719 INFO C:\253503_MINICH_17\igi\LR5\hello_django\djangoenv\start\hello\views.py changed, reloading.
2024-05-25 00:33:50,305 INFO C:\253503_MINICH_17\igi\LR5\hello_django\djangoenv\start\hello\models.py changed, reloading.
2024-05-25 00:33:50,308 INFO C:\253503_MINICH_17\igi\LR5\hello_django\djangoenv\start\hello\models.py changed, reloading.
